<?xml version="1.0" encoding="UTF-8"?>
<testsuite xmlns:xsi="http://www.w3.org/2001/XMLSchema-instance" xsi:noNamespaceSchemaLocation="https://maven.apache.org/surefire/maven-surefire-plugin/xsd/surefire-test-report.xsd" name="test.java.org.fpij.jitakyoei.model.beans.AlunoTest" time="0.038" tests="2" errors="0" skipped="0" failures="0">
  <properties>
    <property name="awt.toolkit" value="sun.awt.X11.XToolkit"/>
    <property name="file.encoding.pkg" value="sun.io"/>
    <property name="java.specification.version" value="1.8"/>
    <property name="sun.cpu.isalist" value=""/>
    <property name="sun.jnu.encoding" value="UTF-8"/>
    <property name="java.class.path" value="/run/media/leonino/hdd-prin/Estudo/Sistema-de-Judocas-Ormond-Bellini-backup-copy/target/test-classes:/run/media/leonino/hdd-prin/Estudo/Sistema-de-Judocas-Ormond-Bellini-backup-copy/target/classes:/home/leonino/.m2/repository/db4o/db4o/7.4/db4o-7.4.jar:/home/leonino/.m2/repository/forms/forms/1.0/forms-1.0.jar:/home/leonino/.m2/repository/jcalendar/jcalendar/1.3.3/jcalendar-1.3.3.jar:/home/leonino/.m2/repository/PgsLookAndFeel/PgsLookAndFeel/1.0/PgsLookAndFeel-1.0.jar:/home/leonino/.m2/repository/TableLayout/TableLayout/1.0/TableLayout-1.0.jar:/home/leonino/.m2/repository/TableLayout-src/TableLayout-src/1.0/TableLayout-src-1.0.jar:/home/leonino/.m2/repository/TableLayout-javadoc/TableLayout-javadoc/1.0/TableLayout-javadoc-1.0.jar:/home/leonino/.m2/repository/genesis/backport175/1.1/backport175-1.1.jar:/home/leonino/.m2/repository/genesis/reusable-components/2006810/reusable-components-2006810.jar:/home/leonino/.m2/repository/genesis/commons-logging/1.1/commons-logging-1.1.jar:/home/leonino/.m2/repository/genesis/commons-beanutils/1.7/commons-beanutils-1.7.jar:/home/leonino/.m2/repository/genesis/genesis-annotation/3.2/genesis-annotation-3.2.jar:/home/leonino/.m2/repository/genesis/genesis-client/3.2/genesis-client-3.2.jar:/home/leonino/.m2/repository/genesis/genesis-client-swing/3.2/genesis-client-swing-3.2.jar:/home/leonino/.m2/repository/genesis/genesis-shared-annotated/3.2/genesis-shared-annotated-3.2.jar:/home/leonino/.m2/repository/org/junit/junit/4.13.2/junit-4.13.2.jar:/home/leonino/.m2/repository/org/hamcrest/hamcrest/2.2/hamcrest-2.2.jar:"/>
    <property name="java.vm.vendor" value="Oracle Corporation"/>
    <property name="sun.arch.data.model" value="64"/>
    <property name="java.vendor.url" value="http://java.oracle.com/"/>
    <property name="user.timezone" value=""/>
    <property name="java.vm.specification.version" value="1.8"/>
    <property name="os.name" value="Linux"/>
    <property name="user.country" value="US"/>
    <property name="sun.java.launcher" value="SUN_STANDARD"/>
    <property name="sun.boot.library.path" value="/usr/lib/jvm/java-8-openjdk/jre/lib/amd64"/>
    <property name="sun.java.command" value="/run/media/leonino/hdd-prin/Estudo/Sistema-de-Judocas-Ormond-Bellini-backup-copy/target/surefire/surefirebooter5729068001335926024.jar /run/media/leonino/hdd-prin/Estudo/Sistema-de-Judocas-Ormond-Bellini-backup-copy/target/surefire 2022-05-26T03-17-40_877-jvmRun1 surefire4539883372501432318tmp surefire_06981095016322119875tmp"/>
    <property name="surefire.test.class.path" value="/run/media/leonino/hdd-prin/Estudo/Sistema-de-Judocas-Ormond-Bellini-backup-copy/target/test-classes:/run/media/leonino/hdd-prin/Estudo/Sistema-de-Judocas-Ormond-Bellini-backup-copy/target/classes:/home/leonino/.m2/repository/db4o/db4o/7.4/db4o-7.4.jar:/home/leonino/.m2/repository/forms/forms/1.0/forms-1.0.jar:/home/leonino/.m2/repository/jcalendar/jcalendar/1.3.3/jcalendar-1.3.3.jar:/home/leonino/.m2/repository/PgsLookAndFeel/PgsLookAndFeel/1.0/PgsLookAndFeel-1.0.jar:/home/leonino/.m2/repository/TableLayout/TableLayout/1.0/TableLayout-1.0.jar:/home/leonino/.m2/repository/TableLayout-src/TableLayout-src/1.0/TableLayout-src-1.0.jar:/home/leonino/.m2/repository/TableLayout-javadoc/TableLayout-javadoc/1.0/TableLayout-javadoc-1.0.jar:/home/leonino/.m2/repository/genesis/backport175/1.1/backport175-1.1.jar:/home/leonino/.m2/repository/genesis/reusable-components/2006810/reusable-components-2006810.jar:/home/leonino/.m2/repository/genesis/commons-logging/1.1/commons-logging-1.1.jar:/home/leonino/.m2/repository/genesis/commons-beanutils/1.7/commons-beanutils-1.7.jar:/home/leonino/.m2/repository/genesis/genesis-annotation/3.2/genesis-annotation-3.2.jar:/home/leonino/.m2/repository/genesis/genesis-client/3.2/genesis-client-3.2.jar:/home/leonino/.m2/repository/genesis/genesis-client-swing/3.2/genesis-client-swing-3.2.jar:/home/leonino/.m2/repository/genesis/genesis-shared-annotated/3.2/genesis-shared-annotated-3.2.jar:/home/leonino/.m2/repository/org/junit/junit/4.13.2/junit-4.13.2.jar:/home/leonino/.m2/repository/org/hamcrest/hamcrest/2.2/hamcrest-2.2.jar:"/>
    <property name="sun.cpu.endian" value="little"/>
    <property name="user.home" value="/home/leonino"/>
    <property name="user.language" value="en"/>
    <property name="java.specification.vendor" value="Oracle Corporation"/>
    <property name="java.home" value="/usr/lib/jvm/java-8-openjdk/jre"/>
    <property name="basedir" value="/run/media/leonino/hdd-prin/Estudo/Sistema-de-Judocas-Ormond-Bellini-backup-copy"/>
    <property name="file.separator" value="/"/>
    <property name="line.separator" value="&#10;"/>
    <property name="java.vm.specification.vendor" value="Oracle Corporation"/>
    <property name="java.specification.name" value="Java Platform API Specification"/>
    <property name="java.awt.graphicsenv" value="sun.awt.X11GraphicsEnvironment"/>
    <property name="surefire.real.class.path" value="/run/media/leonino/hdd-prin/Estudo/Sistema-de-Judocas-Ormond-Bellini-backup-copy/target/surefire/surefirebooter5729068001335926024.jar"/>
    <property name="sun.boot.class.path" value="/usr/lib/jvm/java-8-openjdk/jre/lib/resources.jar:/usr/lib/jvm/java-8-openjdk/jre/lib/rt.jar:/usr/lib/jvm/java-8-openjdk/jre/lib/sunrsasign.jar:/usr/lib/jvm/java-8-openjdk/jre/lib/jsse.jar:/usr/lib/jvm/java-8-openjdk/jre/lib/jce.jar:/usr/lib/jvm/java-8-openjdk/jre/lib/charsets.jar:/usr/lib/jvm/java-8-openjdk/jre/lib/jfr.jar:/usr/lib/jvm/java-8-openjdk/jre/classes"/>
    <property name="sun.management.compiler" value="HotSpot 64-Bit Tiered Compilers"/>
    <property name="java.runtime.version" value="1.8.0_332-b09"/>
    <property name="user.name" value="leonino"/>
    <property name="path.separator" value=":"/>
    <property name="os.version" value="5.17.9-arch1-1"/>
    <property name="java.endorsed.dirs" value="/usr/lib/jvm/java-8-openjdk/jre/lib/endorsed"/>
    <property name="java.runtime.name" value="OpenJDK Runtime Environment"/>
    <property name="file.encoding" value="UTF-8"/>
    <property name="java.vm.name" value="OpenJDK 64-Bit Server VM"/>
    <property name="java.util.prefs.userRoot" value="/home/leonino/.config/java"/>
    <property name="localRepository" value="/home/leonino/.m2/repository"/>
    <property name="java.vendor.url.bug" value="http://bugreport.sun.com/bugreport/"/>
    <property name="java.io.tmpdir" value="/tmp"/>
    <property name="idea.version" value="2022.1.1"/>
    <property name="java.version" value="1.8.0_332"/>
    <property name="user.dir" value="/run/media/leonino/hdd-prin/Estudo/Sistema-de-Judocas-Ormond-Bellini-backup-copy"/>
    <property name="os.arch" value="amd64"/>
    <property name="java.vm.specification.name" value="Java Virtual Machine Specification"/>
    <property name="java.awt.printerjob" value="sun.print.PSPrinterJob"/>
    <property name="sun.os.patch.level" value="unknown"/>
    <property name="java.library.path" value="/usr/java/packages/lib/amd64:/usr/lib64:/lib64:/lib:/usr/lib"/>
    <property name="java.vm.info" value="mixed mode"/>
    <property name="java.vendor" value="Oracle Corporation"/>
    <property name="java.vm.version" value="25.332-b09"/>
    <property name="java.ext.dirs" value="/usr/lib/jvm/java-8-openjdk/jre/lib/ext:/usr/java/packages/lib/ext"/>
    <property name="sun.io.unicode.encoding" value="UnicodeLittle"/>
    <property name="java.class.version" value="52.0"/>
  </properties>
  <testcase name="hashNuloTest" classname="test.java.org.fpij.jitakyoei.model.beans.AlunoTest" time="0.005"/>
  <testcase name="hashNaoNuloTest" classname="test.java.org.fpij.jitakyoei.model.beans.AlunoTest" time="0"/>
</testsuite>